<?xml version="1.0" encoding="UTF-8"?>
<testng-results ignored="0" total="1" passed="1" failed="0" skipped="0">
  <reporter-output>
  </reporter-output>
  <suite started-at="2024-03-03T21:11:25 IST" name="Default suite" finished-at="2024-03-03T21:12:46 IST" duration-ms="81418">
    <groups>
    </groups>
    <test started-at="2024-03-03T21:11:25 IST" name="Default test" finished-at="2024-03-03T21:12:46 IST" duration-ms="81418">
      <class name="org.testing.webapp.UserPlaceOrderTest">
        <test-method is-config="true" signature="beforetest()[pri:0, instance:org.testing.webapp.UserPlaceOrderTest@196a42c3]" started-at="2024-03-03T21:11:25 IST" name="beforetest" finished-at="2024-03-03T21:11:25 IST" duration-ms="276" status="PASS">
          <reporter-output>
          </reporter-output>
        </test-method> <!-- beforetest -->
        <test-method is-config="true" signature="beforemethod(java.lang.reflect.Method)[pri:0, instance:org.testing.webapp.UserPlaceOrderTest@196a42c3]" started-at="2024-03-03T21:11:25 IST" name="beforemethod" finished-at="2024-03-03T21:11:41 IST" duration-ms="16508" status="PASS">
          <params>
            <param index="0">
              <value>
                <![CDATA[public void org.testing.webapp.UserPlaceOrderTest.DemoSiteOrderPlacementTesting() throws java.lang.InterruptedException]]>
              </value>
            </param>
          </params>
          <reporter-output>
          </reporter-output>
        </test-method> <!-- beforemethod -->
        <test-method signature="DemoSiteOrderPlacementTesting()[pri:0, instance:org.testing.webapp.UserPlaceOrderTest@196a42c3]" started-at="2024-03-03T21:11:41 IST" name="DemoSiteOrderPlacementTesting" finished-at="2024-03-03T21:12:45 IST" duration-ms="63360" status="PASS">
          <reporter-output>
          </reporter-output>
        </test-method> <!-- DemoSiteOrderPlacementTesting -->
        <test-method is-config="true" signature="aftermethod(org.testng.ITestResult)[pri:0, instance:org.testing.webapp.UserPlaceOrderTest@196a42c3]" started-at="2024-03-03T21:12:45 IST" name="aftermethod" finished-at="2024-03-03T21:12:45 IST" duration-ms="548" status="PASS">
          <params>
            <param index="0">
              <value>
                <![CDATA[[TestResult name=DemoSiteOrderPlacementTesting status=SUCCESS method=UserPlaceOrderTest.DemoSiteOrderPlacementTesting()[pri:0, instance:org.testing.webapp.UserPlaceOrderTest@196a42c3] output={null}]]]>
              </value>
            </param>
          </params>
          <reporter-output>
          </reporter-output>
        </test-method> <!-- aftermethod -->
        <test-method is-config="true" signature="aftertest()[pri:0, instance:org.testing.webapp.UserPlaceOrderTest@196a42c3]" started-at="2024-03-03T21:12:45 IST" name="aftertest" finished-at="2024-03-03T21:12:46 IST" duration-ms="689" status="PASS">
          <reporter-output>
          </reporter-output>
        </test-method> <!-- aftertest -->
      </class> <!-- org.testing.webapp.UserPlaceOrderTest -->
    </test> <!-- Default test -->
  </suite> <!-- Default suite -->
</testng-results>
